TN:
SF:src/Error/AppError.ts
FN:12,AppError
FNF:1
FNH:1
FNDA:1,AppError
DA:1,1
DA:2,1
DA:3,1
DA:4,1
DA:5,1
DA:6,1
DA:7,1
DA:8,1
DA:9,1
DA:10,1
DA:11,1
DA:12,1
DA:13,1
DA:14,1
DA:15,1
DA:16,1
DA:17,1
LF:17
LH:17
BRDA:12,0,0,1
BRF:1
BRH:1
end_of_record
TN:
SF:src/components/ActiveLink.tsx
FN:11,ActiveLink
FNF:1
FNH:1
FNDA:8,ActiveLink
DA:1,1
DA:2,1
DA:3,1
DA:4,1
DA:5,1
DA:6,1
DA:7,1
DA:8,1
DA:9,1
DA:10,1
DA:11,1
DA:12,8
DA:13,8
DA:14,8
DA:15,8
DA:16,8
DA:17,8
DA:18,8
DA:19,8
DA:20,8
DA:21,8
DA:22,8
DA:23,8
DA:24,8
DA:25,8
DA:26,8
DA:27,8
DA:28,8
DA:29,8
LF:29
LH:29
BRDA:11,0,0,8
BRDA:19,1,0,1
BRDA:19,2,0,7
BRF:3
BRH:3
end_of_record
TN:
SF:src/components/Button.tsx
FN:10,Button
FNF:1
FNH:1
FNDA:20,Button
DA:1,1
DA:2,1
DA:3,1
DA:4,1
DA:5,1
DA:6,1
DA:7,1
DA:8,1
DA:9,1
DA:10,1
DA:11,20
DA:12,20
DA:13,20
DA:14,20
DA:15,20
DA:16,20
LF:16
LH:16
BRDA:10,0,0,20
BRF:1
BRH:1
end_of_record
TN:
SF:src/components/Header.tsx
FN:8,Header
FNF:1
FNH:1
FNDA:4,Header
DA:1,1
DA:2,1
DA:3,1
DA:4,1
DA:5,1
DA:6,1
DA:7,1
DA:8,1
DA:9,4
DA:10,4
DA:11,4
DA:12,1
DA:13,4
DA:14,4
DA:15,4
DA:16,4
DA:17,4
DA:18,4
DA:19,4
DA:20,4
DA:21,4
DA:22,4
DA:23,4
DA:24,4
DA:25,4
DA:26,4
DA:27,4
DA:28,4
DA:29,4
DA:30,4
DA:31,4
DA:32,4
DA:33,4
DA:34,4
DA:35,4
DA:36,4
DA:37,4
DA:38,4
DA:39,4
DA:40,4
DA:41,4
DA:42,4
DA:43,4
DA:44,4
DA:45,4
DA:46,4
DA:47,2
DA:48,4
DA:49,4
DA:50,4
DA:51,4
DA:52,4
DA:53,4
LF:53
LH:53
BRDA:8,0,0,4
BRDA:28,1,0,2
BRDA:43,2,0,2
BRDA:43,3,0,2
BRDA:44,4,0,2
BRDA:44,5,0,2
BRDA:46,6,0,2
BRDA:11,7,0,1
BRF:8
BRH:8
end_of_record
TN:
SF:src/components/SigInForm.tsx
FN:26,SignInForm
FN:33,handleSignIn
FNF:2
FNH:2
FNDA:14,SignInForm
FNDA:2,handleSignIn
DA:1,1
DA:2,1
DA:3,1
DA:4,1
DA:5,1
DA:6,1
DA:7,1
DA:8,1
DA:9,1
DA:10,1
DA:11,1
DA:12,1
DA:13,1
DA:14,1
DA:15,1
DA:16,1
DA:17,1
DA:18,1
DA:19,1
DA:20,1
DA:21,1
DA:22,1
DA:23,1
DA:24,1
DA:25,1
DA:26,1
DA:27,14
DA:28,14
DA:29,14
DA:30,14
DA:31,14
DA:32,14
DA:33,14
DA:34,2
DA:35,2
DA:36,2
DA:37,2
DA:38,2
DA:39,2
DA:40,2
DA:41,2
DA:42,2
DA:43,2
DA:44,2
DA:45,2
DA:46,2
DA:47,2
DA:48,2
DA:49,2
DA:50,2
DA:51,2
DA:52,2
DA:53,2
DA:54,2
DA:55,14
DA:56,14
DA:57,14
DA:58,14
DA:59,14
DA:60,14
DA:61,14
DA:62,14
DA:63,14
DA:64,14
DA:65,14
DA:66,14
DA:67,14
DA:68,14
DA:69,14
DA:70,14
DA:71,14
DA:72,14
DA:73,14
DA:74,14
DA:75,14
DA:76,14
DA:77,14
DA:78,14
DA:79,14
DA:80,14
DA:81,14
DA:82,14
DA:83,14
DA:84,14
DA:85,14
DA:86,14
DA:87,14
DA:88,14
DA:89,14
DA:90,14
DA:91,14
DA:92,14
DA:93,14
DA:94,14
DA:95,14
LF:95
LH:95
BRDA:26,0,0,14
BRDA:33,1,0,2
BRF:2
BRH:2
end_of_record
TN:
SF:src/components/Form/Input.tsx
FN:14,InputBase
FNF:1
FNH:1
FNDA:16,InputBase
DA:1,1
DA:2,1
DA:3,1
DA:4,1
DA:5,1
DA:6,1
DA:7,1
DA:8,1
DA:9,1
DA:10,1
DA:11,1
DA:12,1
DA:13,1
DA:14,1
DA:15,16
DA:16,16
DA:17,16
DA:18,16
DA:19,16
DA:20,16
DA:21,16
DA:22,16
DA:23,16
DA:24,16
DA:25,16
DA:26,16
DA:27,16
DA:28,2
DA:29,2
DA:30,2
DA:31,16
DA:32,16
DA:33,16
DA:34,16
DA:35,1
DA:36,1
LF:36
LH:36
BRDA:14,0,0,16
BRDA:27,1,0,2
BRF:2
BRH:2
end_of_record
TN:
SF:src/components/Form/InputPassword.tsx
FN:21,InputBase
FN:24,handleClick
FNF:2
FNH:2
FNDA:19,InputBase
FNDA:2,handleClick
DA:1,1
DA:2,1
DA:3,1
DA:4,1
DA:5,1
DA:6,1
DA:7,1
DA:8,1
DA:9,1
DA:10,1
DA:11,1
DA:12,1
DA:13,1
DA:14,1
DA:15,1
DA:16,1
DA:17,1
DA:18,1
DA:19,1
DA:20,1
DA:21,1
DA:22,19
DA:23,19
DA:24,19
DA:25,2
DA:26,2
DA:27,19
DA:28,19
DA:29,19
DA:30,19
DA:31,19
DA:32,19
DA:33,19
DA:34,19
DA:35,19
DA:36,19
DA:37,19
DA:38,19
DA:39,19
DA:40,19
DA:41,19
DA:42,19
DA:43,19
DA:44,19
DA:45,19
DA:46,19
DA:47,19
DA:48,19
DA:49,19
DA:50,19
DA:51,19
DA:52,19
DA:53,1
DA:54,18
DA:55,18
DA:56,19
DA:57,19
DA:58,19
DA:59,19
DA:60,19
DA:61,19
DA:62,2
DA:63,2
DA:64,2
DA:65,19
DA:66,19
DA:67,19
DA:68,19
DA:69,1
DA:70,1
LF:70
LH:70
BRDA:21,0,0,19
BRDA:32,1,0,1
BRDA:32,2,0,18
BRDA:52,3,0,1
BRDA:54,4,0,18
BRDA:61,5,0,2
BRDA:24,6,0,2
BRF:7
BRH:7
end_of_record
TN:
SF:src/components/Pagination/PaginationItem.tsx
FN:9,PaginationItem
FN:46,onClick
FNF:2
FNH:2
FNDA:14,PaginationItem
FNDA:1,onClick
DA:1,1
DA:2,1
DA:3,1
DA:4,1
DA:5,1
DA:6,1
DA:7,1
DA:8,1
DA:9,1
DA:10,14
DA:11,14
DA:12,14
DA:13,14
DA:14,14
DA:15,14
DA:16,4
DA:17,4
DA:18,4
DA:19,4
DA:20,4
DA:21,4
DA:22,4
DA:23,4
DA:24,4
DA:25,4
DA:26,4
DA:27,4
DA:28,4
DA:29,4
DA:30,4
DA:31,4
DA:32,4
DA:33,4
DA:34,10
DA:35,10
DA:36,10
DA:37,10
DA:38,10
DA:39,10
DA:40,10
DA:41,10
DA:42,10
DA:43,10
DA:44,10
DA:45,10
DA:46,10
DA:47,10
DA:48,10
DA:49,10
DA:50,10
DA:51,10
DA:52,10
LF:52
LH:52
BRDA:9,0,0,14
BRDA:15,1,0,4
BRDA:34,2,0,10
BRDA:46,3,0,1
BRF:4
BRH:4
end_of_record
TN:
SF:src/components/Pagination/index.tsx
FN:13,generatePagesArray
FN:21,Pagination
FNF:2
FNH:2
FNDA:4,generatePagesArray
FNDA:3,Pagination
DA:1,1
DA:2,1
DA:3,1
DA:4,1
DA:5,1
DA:6,1
DA:7,1
DA:8,1
DA:9,1
DA:10,1
DA:11,1
DA:12,1
DA:13,1
DA:14,4
DA:15,4
DA:16,4
DA:17,4
DA:18,4
DA:19,4
DA:20,1
DA:21,1
DA:22,3
DA:23,3
DA:24,3
DA:25,3
DA:26,3
DA:27,3
DA:28,3
DA:29,3
DA:30,3
DA:31,2
DA:32,3
DA:33,3
DA:34,3
DA:35,3
DA:36,3
DA:37,3
DA:38,3
DA:39,3
DA:40,1
DA:41,3
DA:42,3
DA:43,3
DA:44,3
DA:45,3
DA:46,2
DA:47,2
DA:48,2
DA:49,2
DA:50,2
DA:51,2
DA:52,2
DA:53,2
DA:54,2
DA:55,3
DA:56,3
DA:57,3
DA:58,2
DA:59,2
DA:60,2
DA:61,2
DA:62,2
DA:63,2
DA:64,3
DA:65,3
DA:66,3
DA:67,3
DA:68,3
DA:69,3
DA:70,3
DA:71,3
DA:72,3
DA:73,2
DA:74,2
DA:75,2
DA:76,2
DA:77,2
DA:78,2
DA:79,3
DA:80,3
DA:81,3
DA:82,2
DA:83,2
DA:84,2
DA:85,2
DA:86,2
DA:87,2
DA:88,2
DA:89,2
DA:90,3
DA:91,3
DA:92,3
DA:93,3
DA:94,3
LF:94
LH:94
BRDA:13,0,0,4
BRDA:15,1,0,4
BRDA:18,2,0,4
BRDA:21,3,0,3
BRDA:31,4,0,2
BRDA:40,5,0,1
BRDA:45,6,0,2
BRDA:57,7,0,2
BRDA:72,8,0,2
BRDA:81,9,0,2
BRDA:58,10,0,2
BRDA:73,11,0,2
BRF:12
BRH:12
end_of_record
TN:
SF:src/contexts/AuthContext.tsx
FN:35,AuthContextProvider
FN:42,rehydrate
FN:58,signIn
FN:92,signOut
FN:100,signUp
FNF:5
FNH:3
FNDA:25,AuthContextProvider
FNDA:11,rehydrate
FNDA:1,signIn
FNDA:0,signOut
FNDA:0,signUp
DA:1,1
DA:2,1
DA:3,1
DA:4,1
DA:5,1
DA:6,1
DA:7,1
DA:8,1
DA:9,1
DA:10,1
DA:11,1
DA:12,1
DA:13,1
DA:14,1
DA:15,1
DA:16,1
DA:17,1
DA:18,1
DA:19,1
DA:20,1
DA:21,1
DA:22,1
DA:23,1
DA:24,1
DA:25,1
DA:26,1
DA:27,1
DA:28,1
DA:29,1
DA:30,1
DA:31,1
DA:32,1
DA:33,1
DA:34,1
DA:35,1
DA:36,25
DA:37,25
DA:38,25
DA:39,25
DA:40,25
DA:41,25
DA:42,25
DA:43,11
DA:44,11
DA:45,0
DA:46,0
DA:47,0
DA:48,0
DA:49,0
DA:50,0
DA:51,0
DA:52,0
DA:53,0
DA:54,11
DA:55,11
DA:56,11
DA:57,25
DA:58,25
DA:59,1
DA:60,1
DA:61,1
DA:62,1
DA:63,1
DA:64,1
DA:65,1
DA:66,1
DA:67,1
DA:68,1
DA:69,1
DA:70,1
DA:71,1
DA:72,1
DA:73,1
DA:74,1
DA:75,1
DA:76,0
DA:77,0
DA:78,0
DA:79,0
DA:80,0
DA:81,0
DA:82,0
DA:83,0
DA:84,0
DA:85,0
DA:86,0
DA:87,0
DA:88,0
DA:89,0
DA:90,0
DA:91,1
DA:92,25
DA:93,0
DA:94,0
DA:95,0
DA:96,0
DA:97,0
DA:98,0
DA:99,25
DA:100,25
DA:101,0
DA:102,0
DA:103,0
DA:104,0
DA:105,0
DA:106,0
DA:107,0
DA:108,0
DA:109,0
DA:110,0
DA:111,25
DA:112,25
DA:113,11
DA:114,25
DA:115,25
DA:116,25
DA:117,11
DA:118,11
DA:119,14
DA:120,14
DA:121,14
DA:122,14
DA:123,14
DA:124,14
DA:125,14
DA:126,14
DA:127,14
LF:127
LH:87
BRDA:35,0,0,25
BRDA:116,1,0,20
BRDA:116,2,0,11
BRDA:119,3,0,14
BRDA:42,4,0,11
BRDA:44,5,0,0
BRDA:58,6,0,1
BRDA:75,7,0,0
BRDA:112,8,0,11
BRF:9
BRH:7
end_of_record
TN:
SF:src/hooks/useAuth.ts
FN:4,useAuth
FNF:1
FNH:1
FNDA:5,useAuth
DA:1,1
DA:2,1
DA:3,1
DA:4,1
DA:5,5
DA:6,5
DA:7,5
DA:8,5
LF:8
LH:8
BRDA:4,0,0,5
BRF:1
BRH:1
end_of_record
TN:
SF:src/services/api.ts
FNF:0
FNH:0
DA:1,1
DA:2,1
DA:3,1
DA:4,1
DA:5,1
DA:6,1
DA:7,1
LF:7
LH:7
BRF:0
BRH:0
end_of_record
